<?xml version="1.0" encoding="UTF-8"?>
<!-- Generated by org.testng.reporters.JUnitXMLReporter -->
<testsuite hostname="Hp" name="yahoo newa test" tests="1" failures="0" timestamp="14 May 2015 16:16:14 GMT" time="0.005" errors="0">
  <testcase name="@BeforeTest print" time="0.0" classname="testpack.yahoo">
    <skipped/>
  </testcase> <!-- @BeforeTest print -->
  <testcase name="aftertest" time="0.0" classname="testpack.yahoo">
    <skipped/>
  </testcase> <!-- aftertest -->
</testsuite> <!-- yahoo newa test -->
